# JRE version: OpenJDK Runtime Environment Temurin-21.0.6+7 (21.0.6+7) (build 21.0.6+7-LTS)
# Java VM: OpenJDK 64-Bit Server VM Temurin-21.0.6+7 (21.0.6+7-LTS, mixed mode, sharing, tiered, compressed oops, compressed class ptrs, parallel gc, windows-amd64)
GC Precious Log:
 CardTable entry size: 512
 CPUs: 20 total, 20 available
 Memory: 24264M
 Large Page Support: Disabled
 NUMA Support: Disabled
 Compressed Oops: Enabled (32-bit)
 Alignments: Space 512K, Generation 512K, Heap 2M
 Heap Min Capacity: 100M
 Heap Initial Capacity: 100M
 Heap Max Capacity: 1G
 Pre-touch: Disabled
 Parallel Workers: 15
Heap:
 PSYoungGen      total 14848K, used 12650K [0x00000000eab00000, 0x00000000ebc80000, 0x0000000100000000)
  eden space 14336K, 87% used [0x00000000eab00000,0x00000000eb72e3b8,0x00000000eb900000)
  from space 512K, 34% used [0x00000000ebc00000,0x00000000ebc2c640,0x00000000ebc80000)
  to   space 512K, 0% used [0x00000000ebb80000,0x00000000ebb80000,0x00000000ebc00000)
 ParOldGen       total 68608K, used 45337K [0x00000000c0000000, 0x00000000c4300000, 0x00000000eab00000)
  object space 68608K, 66% used [0x00000000c0000000,0x00000000c2c464e8,0x00000000c4300000)
 Metaspace       used 67267K, committed 68672K, reserved 1114112K
  class space    used 8228K, committed 8832K, reserved 1048576K
GC Heap History (20 events):
Event: 376.838 GC heap before
{Heap before GC invocations=64 (full 3):
 PSYoungGen      total 14848K, used 14432K [0x00000000eab00000, 0x00000000ebd80000, 0x0000000100000000)
  eden space 14336K, 100% used [0x00000000eab00000,0x00000000eb900000,0x00000000eb900000)
  from space 512K, 18% used [0x00000000ebd00000,0x00000000ebd18000,0x00000000ebd80000)
  to   space 512K, 0% used [0x00000000ebc80000,0x00000000ebc80000,0x00000000ebd00000)
 ParOldGen       total 68608K, used 42727K [0x00000000c0000000, 0x00000000c4300000, 0x00000000eab00000)
  object space 68608K, 62% used [0x00000000c0000000,0x00000000c29b9c10,0x00000000c4300000)
 Metaspace       used 66205K, committed 67520K, reserved 1114112K
  class space    used 8074K, committed 8640K, reserved 1048576K
}
Event: 376.840 GC heap after
{Heap after GC invocations=64 (full 3):
 PSYoungGen      total 14848K, used 486K [0x00000000eab00000, 0x00000000ebd80000, 0x0000000100000000)
  eden space 14336K, 0% used [0x00000000eab00000,0x00000000eab00000,0x00000000eb900000)
  from space 512K, 95% used [0x00000000ebc80000,0x00000000ebcf9b70,0x00000000ebd00000)
  to   space 512K, 0% used [0x00000000ebd00000,0x00000000ebd00000,0x00000000ebd80000)
 ParOldGen       total 68608K, used 43928K [0x00000000c0000000, 0x00000000c4300000, 0x00000000eab00000)
  object space 68608K, 64% used [0x00000000c0000000,0x00000000c2ae61b8,0x00000000c4300000)
 Metaspace       used 66205K, committed 67520K, reserved 1114112K
  class space    used 8074K, committed 8640K, reserved 1048576K
}
Event: 376.958 GC heap before
{Heap before GC invocations=65 (full 3):
 PSYoungGen      total 14848K, used 14822K [0x00000000eab00000, 0x00000000ebd80000, 0x0000000100000000)
  eden space 14336K, 100% used [0x00000000eab00000,0x00000000eb900000,0x00000000eb900000)
  from space 512K, 95% used [0x00000000ebc80000,0x00000000ebcf9b70,0x00000000ebd00000)
  to   space 512K, 0% used [0x00000000ebd00000,0x00000000ebd00000,0x00000000ebd80000)
 ParOldGen       total 68608K, used 43928K [0x00000000c0000000, 0x00000000c4300000, 0x00000000eab00000)
  object space 68608K, 64% used [0x00000000c0000000,0x00000000c2ae61b8,0x00000000c4300000)
 Metaspace       used 66205K, committed 67520K, reserved 1114112K
  class space    used 8074K, committed 8640K, reserved 1048576K
}
Event: 376.958 GC heap after
{Heap after GC invocations=65 (full 3):
 PSYoungGen      total 14848K, used 469K [0x00000000eab00000, 0x00000000ebd80000, 0x0000000100000000)
  eden space 14336K, 0% used [0x00000000eab00000,0x00000000eab00000,0x00000000eb900000)
  from space 512K, 91% used [0x00000000ebd00000,0x00000000ebd754b8,0x00000000ebd80000)
  to   space 1024K, 0% used [0x00000000ebb80000,0x00000000ebb80000,0x00000000ebc80000)
 ParOldGen       total 68608K, used 43984K [0x00000000c0000000, 0x00000000c4300000, 0x00000000eab00000)
  object space 68608K, 64% used [0x00000000c0000000,0x00000000c2af41b8,0x00000000c4300000)
 Metaspace       used 66205K, committed 67520K, reserved 1114112K
  class space    used 8074K, committed 8640K, reserved 1048576K
}
Event: 377.155 GC heap before
{Heap before GC invocations=66 (full 3):
 PSYoungGen      total 14848K, used 14805K [0x00000000eab00000, 0x00000000ebd80000, 0x0000000100000000)
  eden space 14336K, 100% used [0x00000000eab00000,0x00000000eb900000,0x00000000eb900000)
  from space 512K, 91% used [0x00000000ebd00000,0x00000000ebd754b8,0x00000000ebd80000)
  to   space 1024K, 0% used [0x00000000ebb80000,0x00000000ebb80000,0x00000000ebc80000)
 ParOldGen       total 68608K, used 43984K [0x00000000c0000000, 0x00000000c4300000, 0x00000000eab00000)
  object space 68608K, 64% used [0x00000000c0000000,0x00000000c2af41b8,0x00000000c4300000)
 Metaspace       used 66205K, committed 67520K, reserved 1114112K
  class space    used 8074K, committed 8640K, reserved 1048576K
}
Event: 377.155 GC heap after
{Heap after GC invocations=66 (full 3):
 PSYoungGen      total 15360K, used 908K [0x00000000eab00000, 0x00000000ebd80000, 0x0000000100000000)
  eden space 14336K, 0% used [0x00000000eab00000,0x00000000eab00000,0x00000000eb900000)
  from space 1024K, 88% used [0x00000000ebb80000,0x00000000ebc631d0,0x00000000ebc80000)
  to   space 1024K, 0% used [0x00000000ebc80000,0x00000000ebc80000,0x00000000ebd80000)
 ParOldGen       total 68608K, used 44090K [0x00000000c0000000, 0x00000000c4300000, 0x00000000eab00000)
  object space 68608K, 64% used [0x00000000c0000000,0x00000000c2b0ea20,0x00000000c4300000)
 Metaspace       used 66205K, committed 67520K, reserved 1114112K
  class space    used 8074K, committed 8640K, reserved 1048576K
}
Event: 377.275 GC heap before
{Heap before GC invocations=67 (full 3):
 PSYoungGen      total 15360K, used 15244K [0x00000000eab00000, 0x00000000ebd80000, 0x0000000100000000)
  eden space 14336K, 100% used [0x00000000eab00000,0x00000000eb900000,0x00000000eb900000)
  from space 1024K, 88% used [0x00000000ebb80000,0x00000000ebc631d0,0x00000000ebc80000)
  to   space 1024K, 0% used [0x00000000ebc80000,0x00000000ebc80000,0x00000000ebd80000)
 ParOldGen       total 68608K, used 44090K [0x00000000c0000000, 0x00000000c4300000, 0x00000000eab00000)
  object space 68608K, 64% used [0x00000000c0000000,0x00000000c2b0ea20,0x00000000c4300000)
 Metaspace       used 66205K, committed 67520K, reserved 1114112K
  class space    used 8074K, committed 8640K, reserved 1048576K
}
Event: 377.276 GC heap after
{Heap after GC invocations=67 (full 3):
 PSYoungGen      total 15360K, used 787K [0x00000000eab00000, 0x00000000ebd80000, 0x0000000100000000)
  eden space 14336K, 0% used [0x00000000eab00000,0x00000000eab00000,0x00000000eb900000)
  from space 1024K, 76% used [0x00000000ebc80000,0x00000000ebd44f30,0x00000000ebd80000)
  to   space 1024K, 0% used [0x00000000ebb80000,0x00000000ebb80000,0x00000000ebc80000)
 ParOldGen       total 68608K, used 44146K [0x00000000c0000000, 0x00000000c4300000, 0x00000000eab00000)
  object space 68608K, 64% used [0x00000000c0000000,0x00000000c2b1ca20,0x00000000c4300000)
 Metaspace       used 66205K, committed 67520K, reserved 1114112K
  class space    used 8074K, committed 8640K, reserved 1048576K
}
Event: 377.352 GC heap before
{Heap before GC invocations=68 (full 3):
 PSYoungGen      total 15360K, used 15123K [0x00000000eab00000, 0x00000000ebd80000, 0x0000000100000000)
  eden space 14336K, 100% used [0x00000000eab00000,0x00000000eb900000,0x00000000eb900000)
  from space 1024K, 76% used [0x00000000ebc80000,0x00000000ebd44f30,0x00000000ebd80000)
  to   space 1024K, 0% used [0x00000000ebb80000,0x00000000ebb80000,0x00000000ebc80000)
 ParOldGen       total 68608K, used 44146K [0x00000000c0000000, 0x00000000c4300000, 0x00000000eab00000)
  object space 68608K, 64% used [0x00000000c0000000,0x00000000c2b1ca20,0x00000000c4300000)
 Metaspace       used 66205K, committed 67520K, reserved 1114112K
  class space    used 8074K, committed 8640K, reserved 1048576K
}
Event: 377.354 GC heap after
{Heap after GC invocations=68 (full 3):
 PSYoungGen      total 15360K, used 128K [0x00000000eab00000, 0x00000000ebd00000, 0x0000000100000000)
  eden space 14336K, 0% used [0x00000000eab00000,0x00000000eab00000,0x00000000eb900000)
  from space 1024K, 12% used [0x00000000ebb80000,0x00000000ebba0000,0x00000000ebc80000)
  to   space 512K, 0% used [0x00000000ebc80000,0x00000000ebc80000,0x00000000ebd00000)
 ParOldGen       total 68608K, used 44548K [0x00000000c0000000, 0x00000000c4300000, 0x00000000eab00000)
  object space 68608K, 64% used [0x00000000c0000000,0x00000000c2b810c8,0x00000000c4300000)
 Metaspace       used 66205K, committed 67520K, reserved 1114112K
  class space    used 8074K, committed 8640K, reserved 1048576K
}
Event: 377.459 GC heap before
{Heap before GC invocations=69 (full 3):
 PSYoungGen      total 15360K, used 14464K [0x00000000eab00000, 0x00000000ebd00000, 0x0000000100000000)
  eden space 14336K, 100% used [0x00000000eab00000,0x00000000eb900000,0x00000000eb900000)
  from space 1024K, 12% used [0x00000000ebb80000,0x00000000ebba0000,0x00000000ebc80000)
  to   space 512K, 0% used [0x00000000ebc80000,0x00000000ebc80000,0x00000000ebd00000)
 ParOldGen       total 68608K, used 44548K [0x00000000c0000000, 0x00000000c4300000, 0x00000000eab00000)
  object space 68608K, 64% used [0x00000000c0000000,0x00000000c2b810c8,0x00000000c4300000)
 Metaspace       used 66205K, committed 67520K, reserved 1114112K
  class space    used 8074K, committed 8640K, reserved 1048576K
}
Event: 377.460 GC heap after
{Heap after GC invocations=69 (full 3):
 PSYoungGen      total 14848K, used 497K [0x00000000eab00000, 0x00000000ebd00000, 0x0000000100000000)
  eden space 14336K, 0% used [0x00000000eab00000,0x00000000eab00000,0x00000000eb900000)
  from space 512K, 97% used [0x00000000ebc80000,0x00000000ebcfc5d0,0x00000000ebd00000)
  to   space 1536K, 0% used [0x00000000eba00000,0x00000000eba00000,0x00000000ebb80000)
 ParOldGen       total 68608K, used 45014K [0x00000000c0000000, 0x00000000c4300000, 0x00000000eab00000)
  object space 68608K, 65% used [0x00000000c0000000,0x00000000c2bf5a68,0x00000000c4300000)
 Metaspace       used 66205K, committed 67520K, reserved 1114112K
  class space    used 8074K, committed 8640K, reserved 1048576K
}
Event: 377.537 GC heap before
{Heap before GC invocations=70 (full 3):
 PSYoungGen      total 14848K, used 14833K [0x00000000eab00000, 0x00000000ebd00000, 0x0000000100000000)
  eden space 14336K, 100% used [0x00000000eab00000,0x00000000eb900000,0x00000000eb900000)
  from space 512K, 97% used [0x00000000ebc80000,0x00000000ebcfc5d0,0x00000000ebd00000)
  to   space 1536K, 0% used [0x00000000eba00000,0x00000000eba00000,0x00000000ebb80000)
 ParOldGen       total 68608K, used 45014K [0x00000000c0000000, 0x00000000c4300000, 0x00000000eab00000)
  object space 68608K, 65% used [0x00000000c0000000,0x00000000c2bf5a68,0x00000000c4300000)
 Metaspace       used 66205K, committed 67520K, reserved 1114112K
  class space    used 8074K, committed 8640K, reserved 1048576K
}
Event: 377.538 GC heap after
{Heap after GC invocations=70 (full 3):
 PSYoungGen      total 15872K, used 732K [0x00000000eab00000, 0x00000000ebd00000, 0x0000000100000000)
  eden space 14336K, 0% used [0x00000000eab00000,0x00000000eab00000,0x00000000eb900000)
  from space 1536K, 47% used [0x00000000eba00000,0x00000000ebab7260,0x00000000ebb80000)
  to   space 1024K, 0% used [0x00000000ebc00000,0x00000000ebc00000,0x00000000ebd00000)
 ParOldGen       total 68608K, used 45062K [0x00000000c0000000, 0x00000000c4300000, 0x00000000eab00000)
  object space 68608K, 65% used [0x00000000c0000000,0x00000000c2c01a68,0x00000000c4300000)
 Metaspace       used 66205K, committed 67520K, reserved 1114112K
  class space    used 8074K, committed 8640K, reserved 1048576K
}
Event: 377.602 GC heap before
{Heap before GC invocations=71 (full 3):
 PSYoungGen      total 15872K, used 15068K [0x00000000eab00000, 0x00000000ebd00000, 0x0000000100000000)
  eden space 14336K, 100% used [0x00000000eab00000,0x00000000eb900000,0x00000000eb900000)
  from space 1536K, 47% used [0x00000000eba00000,0x00000000ebab7260,0x00000000ebb80000)
  to   space 1024K, 0% used [0x00000000ebc00000,0x00000000ebc00000,0x00000000ebd00000)
 ParOldGen       total 68608K, used 45062K [0x00000000c0000000, 0x00000000c4300000, 0x00000000eab00000)
  object space 68608K, 65% used [0x00000000c0000000,0x00000000c2c01a68,0x00000000c4300000)
 Metaspace       used 66205K, committed 67520K, reserved 1114112K
  class space    used 8074K, committed 8640K, reserved 1048576K
}
Event: 377.603 GC heap after
{Heap after GC invocations=71 (full 3):
 PSYoungGen      total 15360K, used 770K [0x00000000eab00000, 0x00000000ebd00000, 0x0000000100000000)
  eden space 14336K, 0% used [0x00000000eab00000,0x00000000eab00000,0x00000000eb900000)
  from space 1024K, 75% used [0x00000000ebc00000,0x00000000ebcc0b98,0x00000000ebd00000)
  to   space 1024K, 0% used [0x00000000ebb00000,0x00000000ebb00000,0x00000000ebc00000)
 ParOldGen       total 68608K, used 45176K [0x00000000c0000000, 0x00000000c4300000, 0x00000000eab00000)
  object space 68608K, 65% used [0x00000000c0000000,0x00000000c2c1e2d0,0x00000000c4300000)
 Metaspace       used 66205K, committed 67520K, reserved 1114112K
  class space    used 8074K, committed 8640K, reserved 1048576K
}
Event: 377.667 GC heap before
{Heap before GC invocations=72 (full 3):
 PSYoungGen      total 15360K, used 15106K [0x00000000eab00000, 0x00000000ebd00000, 0x0000000100000000)
  eden space 14336K, 100% used [0x00000000eab00000,0x00000000eb900000,0x00000000eb900000)
  from space 1024K, 75% used [0x00000000ebc00000,0x00000000ebcc0b98,0x00000000ebd00000)
  to   space 1024K, 0% used [0x00000000ebb00000,0x00000000ebb00000,0x00000000ebc00000)
 ParOldGen       total 68608K, used 45176K [0x00000000c0000000, 0x00000000c4300000, 0x00000000eab00000)
  object space 68608K, 65% used [0x00000000c0000000,0x00000000c2c1e2d0,0x00000000c4300000)
 Metaspace       used 66205K, committed 67520K, reserved 1114112K
  class space    used 8074K, committed 8640K, reserved 1048576K
}
Event: 377.667 GC heap after
{Heap after GC invocations=72 (full 3):
 PSYoungGen      total 15360K, used 849K [0x00000000eab00000, 0x00000000ebc80000, 0x0000000100000000)
  eden space 14336K, 0% used [0x00000000eab00000,0x00000000eab00000,0x00000000eb900000)
  from space 1024K, 83% used [0x00000000ebb00000,0x00000000ebbd47e0,0x00000000ebc00000)
  to   space 512K, 0% used [0x00000000ebc00000,0x00000000ebc00000,0x00000000ebc80000)
 ParOldGen       total 68608K, used 45200K [0x00000000c0000000, 0x00000000c4300000, 0x00000000eab00000)
  object space 68608K, 65% used [0x00000000c0000000,0x00000000c2c242d0,0x00000000c4300000)
 Metaspace       used 66205K, committed 67520K, reserved 1114112K
  class space    used 8074K, committed 8640K, reserved 1048576K
}
Event: 377.724 GC heap before
{Heap before GC invocations=73 (full 3):
 PSYoungGen      total 15360K, used 15185K [0x00000000eab00000, 0x00000000ebc80000, 0x0000000100000000)
  eden space 14336K, 100% used [0x00000000eab00000,0x00000000eb900000,0x00000000eb900000)
  from space 1024K, 83% used [0x00000000ebb00000,0x00000000ebbd47e0,0x00000000ebc00000)
  to   space 512K, 0% used [0x00000000ebc00000,0x00000000ebc00000,0x00000000ebc80000)
 ParOldGen       total 68608K, used 45200K [0x00000000c0000000, 0x00000000c4300000, 0x00000000eab00000)
  object space 68608K, 65% used [0x00000000c0000000,0x00000000c2c242d0,0x00000000c4300000)
 Metaspace       used 66205K, committed 67520K, reserved 1114112K
  class space    used 8074K, committed 8640K, reserved 1048576K
}
Event: 377.724 GC heap after
{Heap after GC invocations=73 (full 3):
 PSYoungGen      total 14848K, used 177K [0x00000000eab00000, 0x00000000ebc80000, 0x0000000100000000)
  eden space 14336K, 0% used [0x00000000eab00000,0x00000000eab00000,0x00000000eb900000)
  from space 512K, 34% used [0x00000000ebc00000,0x00000000ebc2c640,0x00000000ebc80000)
  to   space 512K, 0% used [0x00000000ebb80000,0x00000000ebb80000,0x00000000ebc00000)
 ParOldGen       total 68608K, used 45337K [0x00000000c0000000, 0x00000000c4300000, 0x00000000eab00000)
  object space 68608K, 66% used [0x00000000c0000000,0x00000000c2c464e8,0x00000000c4300000)
 Metaspace       used 66205K, committed 67520K, reserved 1114112K
  class space    used 8074K, committed 8640K, reserved 1048576K
}

