# JRE version: OpenJDK Runtime Environment Temurin-21.0.6+7 (21.0.6+7) (build 21.0.6+7-LTS)
# Java VM: OpenJDK 64-Bit Server VM Temurin-21.0.6+7 (21.0.6+7-LTS, mixed mode, sharing, tiered, compressed oops, compressed class ptrs, parallel gc, windows-amd64)
GC Precious Log:
 CardTable entry size: 512
 CPUs: 20 total, 20 available
 Memory: 24264M
 Large Page Support: Disabled
 NUMA Support: Disabled
 Compressed Oops: Enabled (32-bit)
 Alignments: Space 512K, Generation 512K, Heap 2M
 Heap Min Capacity: 100M
 Heap Initial Capacity: 100M
 Heap Max Capacity: 1G
 Pre-touch: Disabled
 Parallel Workers: 15
Heap:
 PSYoungGen      total 20992K, used 5460K [0x00000000eab00000, 0x00000000ec080000, 0x0000000100000000)
  eden space 19968K, 24% used [0x00000000eab00000,0x00000000eafcd2d8,0x00000000ebe80000)
  from space 1024K, 53% used [0x00000000ebe80000,0x00000000ebf08000,0x00000000ebf80000)
  to   space 1024K, 0% used [0x00000000ebf80000,0x00000000ebf80000,0x00000000ec080000)
 ParOldGen       total 68608K, used 40162K [0x00000000c0000000, 0x00000000c4300000, 0x00000000eab00000)
  object space 68608K, 58% used [0x00000000c0000000,0x00000000c27389e0,0x00000000c4300000)
 Metaspace       used 62350K, committed 63616K, reserved 1114112K
  class space    used 7688K, committed 8256K, reserved 1048576K
GC Heap History (20 events):
Event: 4.666 GC heap before
{Heap before GC invocations=35 (full 3):
 PSYoungGen      total 20992K, used 20740K [0x00000000eab00000, 0x00000000ec100000, 0x0000000100000000)
  eden space 19968K, 100% used [0x00000000eab00000,0x00000000ebe80000,0x00000000ebe80000)
  from space 1024K, 75% used [0x00000000ebf00000,0x00000000ebfc1260,0x00000000ec000000)
  to   space 1024K, 0% used [0x00000000ec000000,0x00000000ec000000,0x00000000ec100000)
 ParOldGen       total 68608K, used 38276K [0x00000000c0000000, 0x00000000c4300000, 0x00000000eab00000)
  object space 68608K, 55% used [0x00000000c0000000,0x00000000c2561230,0x00000000c4300000)
 Metaspace       used 60664K, committed 61952K, reserved 1114112K
  class space    used 7437K, committed 8000K, reserved 1048576K
}
Event: 4.667 GC heap after
{Heap after GC invocations=35 (full 3):
 PSYoungGen      total 20992K, used 544K [0x00000000eab00000, 0x00000000ec100000, 0x0000000100000000)
  eden space 19968K, 0% used [0x00000000eab00000,0x00000000eab00000,0x00000000ebe80000)
  from space 1024K, 53% used [0x00000000ec000000,0x00000000ec088000,0x00000000ec100000)
  to   space 1024K, 0% used [0x00000000ebf00000,0x00000000ebf00000,0x00000000ec000000)
 ParOldGen       total 68608K, used 38509K [0x00000000c0000000, 0x00000000c4300000, 0x00000000eab00000)
  object space 68608K, 56% used [0x00000000c0000000,0x00000000c259b478,0x00000000c4300000)
 Metaspace       used 60664K, committed 61952K, reserved 1114112K
  class space    used 7437K, committed 8000K, reserved 1048576K
}
Event: 4.726 GC heap before
{Heap before GC invocations=36 (full 3):
 PSYoungGen      total 20992K, used 20512K [0x00000000eab00000, 0x00000000ec100000, 0x0000000100000000)
  eden space 19968K, 100% used [0x00000000eab00000,0x00000000ebe80000,0x00000000ebe80000)
  from space 1024K, 53% used [0x00000000ec000000,0x00000000ec088000,0x00000000ec100000)
  to   space 1024K, 0% used [0x00000000ebf00000,0x00000000ebf00000,0x00000000ec000000)
 ParOldGen       total 68608K, used 38509K [0x00000000c0000000, 0x00000000c4300000, 0x00000000eab00000)
  object space 68608K, 56% used [0x00000000c0000000,0x00000000c259b478,0x00000000c4300000)
 Metaspace       used 60915K, committed 62272K, reserved 1114112K
  class space    used 7477K, committed 8064K, reserved 1048576K
}
Event: 4.727 GC heap after
{Heap after GC invocations=36 (full 3):
 PSYoungGen      total 20992K, used 1016K [0x00000000eab00000, 0x00000000ec280000, 0x0000000100000000)
  eden space 19968K, 0% used [0x00000000eab00000,0x00000000eab00000,0x00000000ebe80000)
  from space 1024K, 99% used [0x00000000ebf00000,0x00000000ebffe118,0x00000000ec000000)
  to   space 2048K, 0% used [0x00000000ec080000,0x00000000ec080000,0x00000000ec280000)
 ParOldGen       total 68608K, used 39120K [0x00000000c0000000, 0x00000000c4300000, 0x00000000eab00000)
  object space 68608K, 57% used [0x00000000c0000000,0x00000000c26341a8,0x00000000c4300000)
 Metaspace       used 60915K, committed 62272K, reserved 1114112K
  class space    used 7477K, committed 8064K, reserved 1048576K
}
Event: 4.778 GC heap before
{Heap before GC invocations=37 (full 3):
 PSYoungGen      total 20992K, used 20984K [0x00000000eab00000, 0x00000000ec280000, 0x0000000100000000)
  eden space 19968K, 100% used [0x00000000eab00000,0x00000000ebe80000,0x00000000ebe80000)
  from space 1024K, 99% used [0x00000000ebf00000,0x00000000ebffe118,0x00000000ec000000)
  to   space 2048K, 0% used [0x00000000ec080000,0x00000000ec080000,0x00000000ec280000)
 ParOldGen       total 68608K, used 39120K [0x00000000c0000000, 0x00000000c4300000, 0x00000000eab00000)
  object space 68608K, 57% used [0x00000000c0000000,0x00000000c26341a8,0x00000000c4300000)
 Metaspace       used 60917K, committed 62272K, reserved 1114112K
  class space    used 7477K, committed 8064K, reserved 1048576K
}
Event: 4.779 GC heap after
{Heap after GC invocations=37 (full 3):
 PSYoungGen      total 21504K, used 1197K [0x00000000eab00000, 0x00000000ec200000, 0x0000000100000000)
  eden space 19968K, 0% used [0x00000000eab00000,0x00000000eab00000,0x00000000ebe80000)
  from space 1536K, 77% used [0x00000000ec080000,0x00000000ec1ab748,0x00000000ec200000)
  to   space 1536K, 0% used [0x00000000ebf00000,0x00000000ebf00000,0x00000000ec080000)
 ParOldGen       total 68608K, used 39344K [0x00000000c0000000, 0x00000000c4300000, 0x00000000eab00000)
  object space 68608K, 57% used [0x00000000c0000000,0x00000000c266c1a8,0x00000000c4300000)
 Metaspace       used 60917K, committed 62272K, reserved 1114112K
  class space    used 7477K, committed 8064K, reserved 1048576K
}
Event: 4.829 GC heap before
{Heap before GC invocations=38 (full 3):
 PSYoungGen      total 21504K, used 21165K [0x00000000eab00000, 0x00000000ec200000, 0x0000000100000000)
  eden space 19968K, 100% used [0x00000000eab00000,0x00000000ebe80000,0x00000000ebe80000)
  from space 1536K, 77% used [0x00000000ec080000,0x00000000ec1ab748,0x00000000ec200000)
  to   space 1536K, 0% used [0x00000000ebf00000,0x00000000ebf00000,0x00000000ec080000)
 ParOldGen       total 68608K, used 39344K [0x00000000c0000000, 0x00000000c4300000, 0x00000000eab00000)
  object space 68608K, 57% used [0x00000000c0000000,0x00000000c266c1a8,0x00000000c4300000)
 Metaspace       used 60920K, committed 62272K, reserved 1114112K
  class space    used 7477K, committed 8064K, reserved 1048576K
}
Event: 4.829 GC heap after
{Heap after GC invocations=38 (full 3):
 PSYoungGen      total 20992K, used 791K [0x00000000eab00000, 0x00000000ec100000, 0x0000000100000000)
  eden space 19968K, 0% used [0x00000000eab00000,0x00000000eab00000,0x00000000ebe80000)
  from space 1024K, 77% used [0x00000000ebf00000,0x00000000ebfc5cf8,0x00000000ec000000)
  to   space 1024K, 0% used [0x00000000ec000000,0x00000000ec000000,0x00000000ec100000)
 ParOldGen       total 68608K, used 39424K [0x00000000c0000000, 0x00000000c4300000, 0x00000000eab00000)
  object space 68608K, 57% used [0x00000000c0000000,0x00000000c26801a8,0x00000000c4300000)
 Metaspace       used 60920K, committed 62272K, reserved 1114112K
  class space    used 7477K, committed 8064K, reserved 1048576K
}
Event: 4.878 GC heap before
{Heap before GC invocations=39 (full 3):
 PSYoungGen      total 20992K, used 20759K [0x00000000eab00000, 0x00000000ec100000, 0x0000000100000000)
  eden space 19968K, 100% used [0x00000000eab00000,0x00000000ebe80000,0x00000000ebe80000)
  from space 1024K, 77% used [0x00000000ebf00000,0x00000000ebfc5cf8,0x00000000ec000000)
  to   space 1024K, 0% used [0x00000000ec000000,0x00000000ec000000,0x00000000ec100000)
 ParOldGen       total 68608K, used 39424K [0x00000000c0000000, 0x00000000c4300000, 0x00000000eab00000)
  object space 68608K, 57% used [0x00000000c0000000,0x00000000c26801a8,0x00000000c4300000)
 Metaspace       used 60920K, committed 62272K, reserved 1114112K
  class space    used 7477K, committed 8064K, reserved 1048576K
}
Event: 4.879 GC heap after
{Heap after GC invocations=39 (full 3):
 PSYoungGen      total 20480K, used 490K [0x00000000eab00000, 0x00000000ec080000, 0x0000000100000000)
  eden space 19968K, 0% used [0x00000000eab00000,0x00000000eab00000,0x00000000ebe80000)
  from space 512K, 95% used [0x00000000ec000000,0x00000000ec07a9a0,0x00000000ec080000)
  to   space 1024K, 0% used [0x00000000ebe80000,0x00000000ebe80000,0x00000000ebf80000)
 ParOldGen       total 68608K, used 39472K [0x00000000c0000000, 0x00000000c4300000, 0x00000000eab00000)
  object space 68608K, 57% used [0x00000000c0000000,0x00000000c268c1a8,0x00000000c4300000)
 Metaspace       used 60920K, committed 62272K, reserved 1114112K
  class space    used 7477K, committed 8064K, reserved 1048576K
}
Event: 4.929 GC heap before
{Heap before GC invocations=40 (full 3):
 PSYoungGen      total 20480K, used 20458K [0x00000000eab00000, 0x00000000ec080000, 0x0000000100000000)
  eden space 19968K, 100% used [0x00000000eab00000,0x00000000ebe80000,0x00000000ebe80000)
  from space 512K, 95% used [0x00000000ec000000,0x00000000ec07a9a0,0x00000000ec080000)
  to   space 1024K, 0% used [0x00000000ebe80000,0x00000000ebe80000,0x00000000ebf80000)
 ParOldGen       total 68608K, used 39472K [0x00000000c0000000, 0x00000000c4300000, 0x00000000eab00000)
  object space 68608K, 57% used [0x00000000c0000000,0x00000000c268c1a8,0x00000000c4300000)
 Metaspace       used 60921K, committed 62272K, reserved 1114112K
  class space    used 7477K, committed 8064K, reserved 1048576K
}
Event: 4.929 GC heap after
{Heap after GC invocations=40 (full 3):
 PSYoungGen      total 20992K, used 352K [0x00000000eab00000, 0x00000000ec080000, 0x0000000100000000)
  eden space 19968K, 0% used [0x00000000eab00000,0x00000000eab00000,0x00000000ebe80000)
  from space 1024K, 34% used [0x00000000ebe80000,0x00000000ebed8000,0x00000000ebf80000)
  to   space 512K, 0% used [0x00000000ec000000,0x00000000ec000000,0x00000000ec080000)
 ParOldGen       total 68608K, used 39544K [0x00000000c0000000, 0x00000000c4300000, 0x00000000eab00000)
  object space 68608K, 57% used [0x00000000c0000000,0x00000000c269e1a8,0x00000000c4300000)
 Metaspace       used 60921K, committed 62272K, reserved 1114112K
  class space    used 7477K, committed 8064K, reserved 1048576K
}
Event: 4.980 GC heap before
{Heap before GC invocations=41 (full 3):
 PSYoungGen      total 20992K, used 20320K [0x00000000eab00000, 0x00000000ec080000, 0x0000000100000000)
  eden space 19968K, 100% used [0x00000000eab00000,0x00000000ebe80000,0x00000000ebe80000)
  from space 1024K, 34% used [0x00000000ebe80000,0x00000000ebed8000,0x00000000ebf80000)
  to   space 512K, 0% used [0x00000000ec000000,0x00000000ec000000,0x00000000ec080000)
 ParOldGen       total 68608K, used 39544K [0x00000000c0000000, 0x00000000c4300000, 0x00000000eab00000)
  object space 68608K, 57% used [0x00000000c0000000,0x00000000c269e1a8,0x00000000c4300000)
 Metaspace       used 60928K, committed 62272K, reserved 1114112K
  class space    used 7477K, committed 8064K, reserved 1048576K
}
Event: 4.981 GC heap after
{Heap after GC invocations=41 (full 3):
 PSYoungGen      total 20480K, used 500K [0x00000000eab00000, 0x00000000ec080000, 0x0000000100000000)
  eden space 19968K, 0% used [0x00000000eab00000,0x00000000eab00000,0x00000000ebe80000)
  from space 512K, 97% used [0x00000000ec000000,0x00000000ec07d2a0,0x00000000ec080000)
  to   space 1024K, 0% used [0x00000000ebe80000,0x00000000ebe80000,0x00000000ebf80000)
 ParOldGen       total 68608K, used 39816K [0x00000000c0000000, 0x00000000c4300000, 0x00000000eab00000)
  object space 68608K, 58% used [0x00000000c0000000,0x00000000c26e2248,0x00000000c4300000)
 Metaspace       used 60928K, committed 62272K, reserved 1114112K
  class space    used 7477K, committed 8064K, reserved 1048576K
}
Event: 5.028 GC heap before
{Heap before GC invocations=42 (full 3):
 PSYoungGen      total 20480K, used 20468K [0x00000000eab00000, 0x00000000ec080000, 0x0000000100000000)
  eden space 19968K, 100% used [0x00000000eab00000,0x00000000ebe80000,0x00000000ebe80000)
  from space 512K, 97% used [0x00000000ec000000,0x00000000ec07d2a0,0x00000000ec080000)
  to   space 1024K, 0% used [0x00000000ebe80000,0x00000000ebe80000,0x00000000ebf80000)
 ParOldGen       total 68608K, used 39816K [0x00000000c0000000, 0x00000000c4300000, 0x00000000eab00000)
  object space 68608K, 58% used [0x00000000c0000000,0x00000000c26e2248,0x00000000c4300000)
 Metaspace       used 60928K, committed 62272K, reserved 1114112K
  class space    used 7477K, committed 8064K, reserved 1048576K
}
Event: 5.029 GC heap after
{Heap after GC invocations=42 (full 3):
 PSYoungGen      total 20992K, used 1009K [0x00000000eab00000, 0x00000000ec180000, 0x0000000100000000)
  eden space 19968K, 0% used [0x00000000eab00000,0x00000000eab00000,0x00000000ebe80000)
  from space 1024K, 98% used [0x00000000ebe80000,0x00000000ebf7c6e0,0x00000000ebf80000)
  to   space 1536K, 0% used [0x00000000ec000000,0x00000000ec000000,0x00000000ec180000)
 ParOldGen       total 68608K, used 40018K [0x00000000c0000000, 0x00000000c4300000, 0x00000000eab00000)
  object space 68608K, 58% used [0x00000000c0000000,0x00000000c27149e0,0x00000000c4300000)
 Metaspace       used 60928K, committed 62272K, reserved 1114112K
  class space    used 7477K, committed 8064K, reserved 1048576K
}
Event: 5.073 GC heap before
{Heap before GC invocations=43 (full 3):
 PSYoungGen      total 20992K, used 20977K [0x00000000eab00000, 0x00000000ec180000, 0x0000000100000000)
  eden space 19968K, 100% used [0x00000000eab00000,0x00000000ebe80000,0x00000000ebe80000)
  from space 1024K, 98% used [0x00000000ebe80000,0x00000000ebf7c6e0,0x00000000ebf80000)
  to   space 1536K, 0% used [0x00000000ec000000,0x00000000ec000000,0x00000000ec180000)
 ParOldGen       total 68608K, used 40018K [0x00000000c0000000, 0x00000000c4300000, 0x00000000eab00000)
  object space 68608K, 58% used [0x00000000c0000000,0x00000000c27149e0,0x00000000c4300000)
 Metaspace       used 60928K, committed 62272K, reserved 1114112K
  class space    used 7477K, committed 8064K, reserved 1048576K
}
Event: 5.074 GC heap after
{Heap after GC invocations=43 (full 3):
 PSYoungGen      total 21504K, used 1431K [0x00000000eab00000, 0x00000000ec180000, 0x0000000100000000)
  eden space 19968K, 0% used [0x00000000eab00000,0x00000000eab00000,0x00000000ebe80000)
  from space 1536K, 93% used [0x00000000ec000000,0x00000000ec165d20,0x00000000ec180000)
  to   space 1536K, 0% used [0x00000000ebe80000,0x00000000ebe80000,0x00000000ec000000)
 ParOldGen       total 68608K, used 40106K [0x00000000c0000000, 0x00000000c4300000, 0x00000000eab00000)
  object space 68608K, 58% used [0x00000000c0000000,0x00000000c272a9e0,0x00000000c4300000)
 Metaspace       used 60928K, committed 62272K, reserved 1114112K
  class space    used 7477K, committed 8064K, reserved 1048576K
}
Event: 5.179 GC heap before
{Heap before GC invocations=44 (full 3):
 PSYoungGen      total 21504K, used 21399K [0x00000000eab00000, 0x00000000ec180000, 0x0000000100000000)
  eden space 19968K, 100% used [0x00000000eab00000,0x00000000ebe80000,0x00000000ebe80000)
  from space 1536K, 93% used [0x00000000ec000000,0x00000000ec165d20,0x00000000ec180000)
  to   space 1536K, 0% used [0x00000000ebe80000,0x00000000ebe80000,0x00000000ec000000)
 ParOldGen       total 68608K, used 40106K [0x00000000c0000000, 0x00000000c4300000, 0x00000000eab00000)
  object space 68608K, 58% used [0x00000000c0000000,0x00000000c272a9e0,0x00000000c4300000)
 Metaspace       used 61754K, committed 63104K, reserved 1114112K
  class space    used 7612K, committed 8256K, reserved 1048576K
}
Event: 5.179 GC heap after
{Heap after GC invocations=44 (full 3):
 PSYoungGen      total 20992K, used 544K [0x00000000eab00000, 0x00000000ec080000, 0x0000000100000000)
  eden space 19968K, 0% used [0x00000000eab00000,0x00000000eab00000,0x00000000ebe80000)
  from space 1024K, 53% used [0x00000000ebe80000,0x00000000ebf08000,0x00000000ebf80000)
  to   space 1024K, 0% used [0x00000000ebf80000,0x00000000ebf80000,0x00000000ec080000)
 ParOldGen       total 68608K, used 40162K [0x00000000c0000000, 0x00000000c4300000, 0x00000000eab00000)
  object space 68608K, 58% used [0x00000000c0000000,0x00000000c27389e0,0x00000000c4300000)
 Metaspace       used 61754K, committed 63104K, reserved 1114112K
  class space    used 7612K, committed 8256K, reserved 1048576K
}

