# JRE version: OpenJDK Runtime Environment Temurin-21.0.6+7 (21.0.6+7) (build 21.0.6+7-LTS)
# Java VM: OpenJDK 64-Bit Server VM Temurin-21.0.6+7 (21.0.6+7-LTS, mixed mode, sharing, tiered, compressed oops, compressed class ptrs, parallel gc, windows-amd64)
GC Precious Log:
 CardTable entry size: 512
 CPUs: 20 total, 20 available
 Memory: 24264M
 Large Page Support: Disabled
 NUMA Support: Disabled
 Compressed Oops: Enabled (32-bit)
 Alignments: Space 512K, Generation 512K, Heap 2M
 Heap Min Capacity: 100M
 Heap Initial Capacity: 100M
 Heap Max Capacity: 1G
 Pre-touch: Disabled
 Parallel Workers: 15
Heap:
 PSYoungGen      total 14848K, used 3663K [0x00000000eab00000, 0x00000000eba80000, 0x0000000100000000)
  eden space 13824K, 22% used [0x00000000eab00000,0x00000000eae03c00,0x00000000eb880000)
  from space 1024K, 56% used [0x00000000eb980000,0x00000000eba10010,0x00000000eba80000)
  to   space 1024K, 0% used [0x00000000eb880000,0x00000000eb880000,0x00000000eb980000)
 ParOldGen       total 68608K, used 42354K [0x00000000c0000000, 0x00000000c4300000, 0x00000000eab00000)
  object space 68608K, 61% used [0x00000000c0000000,0x00000000c295c9b0,0x00000000c4300000)
 Metaspace       used 62325K, committed 63552K, reserved 1114112K
  class space    used 7687K, committed 8256K, reserved 1048576K
GC Heap History (20 events):
Event: 4.891 GC heap before
{Heap before GC invocations=44 (full 3):
 PSYoungGen      total 14848K, used 14847K [0x00000000eab00000, 0x00000000ebc80000, 0x0000000100000000)
  eden space 13824K, 100% used [0x00000000eab00000,0x00000000eb880000,0x00000000eb880000)
  from space 1024K, 99% used [0x00000000ebb80000,0x00000000ebc7fc88,0x00000000ebc80000)
  to   space 1536K, 0% used [0x00000000eb980000,0x00000000eb980000,0x00000000ebb00000)
 ParOldGen       total 68608K, used 39587K [0x00000000c0000000, 0x00000000c4300000, 0x00000000eab00000)
  object space 68608K, 57% used [0x00000000c0000000,0x00000000c26a8ce0,0x00000000c4300000)
 Metaspace       used 60884K, committed 62208K, reserved 1114112K
  class space    used 7476K, committed 8064K, reserved 1048576K
}
Event: 4.892 GC heap after
{Heap after GC invocations=44 (full 3):
 PSYoungGen      total 15360K, used 592K [0x00000000eab00000, 0x00000000ebc00000, 0x0000000100000000)
  eden space 13824K, 0% used [0x00000000eab00000,0x00000000eab00000,0x00000000eb880000)
  from space 1536K, 38% used [0x00000000eb980000,0x00000000eba14248,0x00000000ebb00000)
  to   space 1024K, 0% used [0x00000000ebb00000,0x00000000ebb00000,0x00000000ebc00000)
 ParOldGen       total 68608K, used 39699K [0x00000000c0000000, 0x00000000c4300000, 0x00000000eab00000)
  object space 68608K, 57% used [0x00000000c0000000,0x00000000c26c4ce0,0x00000000c4300000)
 Metaspace       used 60884K, committed 62208K, reserved 1114112K
  class space    used 7476K, committed 8064K, reserved 1048576K
}
Event: 4.924 GC heap before
{Heap before GC invocations=45 (full 3):
 PSYoungGen      total 15360K, used 14416K [0x00000000eab00000, 0x00000000ebc00000, 0x0000000100000000)
  eden space 13824K, 100% used [0x00000000eab00000,0x00000000eb880000,0x00000000eb880000)
  from space 1536K, 38% used [0x00000000eb980000,0x00000000eba14248,0x00000000ebb00000)
  to   space 1024K, 0% used [0x00000000ebb00000,0x00000000ebb00000,0x00000000ebc00000)
 ParOldGen       total 68608K, used 39699K [0x00000000c0000000, 0x00000000c4300000, 0x00000000eab00000)
  object space 68608K, 57% used [0x00000000c0000000,0x00000000c26c4ce0,0x00000000c4300000)
 Metaspace       used 60884K, committed 62208K, reserved 1114112K
  class space    used 7476K, committed 8064K, reserved 1048576K
}
Event: 4.925 GC heap after
{Heap after GC invocations=45 (full 3):
 PSYoungGen      total 14848K, used 1020K [0x00000000eab00000, 0x00000000ebc00000, 0x0000000100000000)
  eden space 13824K, 0% used [0x00000000eab00000,0x00000000eab00000,0x00000000eb880000)
  from space 1024K, 99% used [0x00000000ebb00000,0x00000000ebbff1d8,0x00000000ebc00000)
  to   space 1536K, 0% used [0x00000000eb900000,0x00000000eb900000,0x00000000eba80000)
 ParOldGen       total 68608K, used 40100K [0x00000000c0000000, 0x00000000c4300000, 0x00000000eab00000)
  object space 68608K, 58% used [0x00000000c0000000,0x00000000c2729350,0x00000000c4300000)
 Metaspace       used 60884K, committed 62208K, reserved 1114112K
  class space    used 7476K, committed 8064K, reserved 1048576K
}
Event: 4.965 GC heap before
{Heap before GC invocations=46 (full 3):
 PSYoungGen      total 14848K, used 14835K [0x00000000eab00000, 0x00000000ebc00000, 0x0000000100000000)
  eden space 13824K, 99% used [0x00000000eab00000,0x00000000eb87db60,0x00000000eb880000)
  from space 1024K, 99% used [0x00000000ebb00000,0x00000000ebbff1d8,0x00000000ebc00000)
  to   space 1536K, 0% used [0x00000000eb900000,0x00000000eb900000,0x00000000eba80000)
 ParOldGen       total 68608K, used 40100K [0x00000000c0000000, 0x00000000c4300000, 0x00000000eab00000)
  object space 68608K, 58% used [0x00000000c0000000,0x00000000c2729350,0x00000000c4300000)
 Metaspace       used 60886K, committed 62208K, reserved 1114112K
  class space    used 7476K, committed 8064K, reserved 1048576K
}
Event: 4.966 GC heap after
{Heap after GC invocations=46 (full 3):
 PSYoungGen      total 15360K, used 1136K [0x00000000eab00000, 0x00000000ebb80000, 0x0000000100000000)
  eden space 13824K, 0% used [0x00000000eab00000,0x00000000eab00000,0x00000000eb880000)
  from space 1536K, 73% used [0x00000000eb900000,0x00000000eba1c050,0x00000000eba80000)
  to   space 1024K, 0% used [0x00000000eba80000,0x00000000eba80000,0x00000000ebb80000)
 ParOldGen       total 68608K, used 40220K [0x00000000c0000000, 0x00000000c4300000, 0x00000000eab00000)
  object space 68608K, 58% used [0x00000000c0000000,0x00000000c2747360,0x00000000c4300000)
 Metaspace       used 60886K, committed 62208K, reserved 1114112K
  class space    used 7476K, committed 8064K, reserved 1048576K
}
Event: 5.007 GC heap before
{Heap before GC invocations=47 (full 3):
 PSYoungGen      total 15360K, used 14960K [0x00000000eab00000, 0x00000000ebb80000, 0x0000000100000000)
  eden space 13824K, 100% used [0x00000000eab00000,0x00000000eb880000,0x00000000eb880000)
  from space 1536K, 73% used [0x00000000eb900000,0x00000000eba1c050,0x00000000eba80000)
  to   space 1024K, 0% used [0x00000000eba80000,0x00000000eba80000,0x00000000ebb80000)
 ParOldGen       total 68608K, used 40220K [0x00000000c0000000, 0x00000000c4300000, 0x00000000eab00000)
  object space 68608K, 58% used [0x00000000c0000000,0x00000000c2747360,0x00000000c4300000)
 Metaspace       used 60893K, committed 62208K, reserved 1114112K
  class space    used 7476K, committed 8064K, reserved 1048576K
}
Event: 5.008 GC heap after
{Heap after GC invocations=47 (full 3):
 PSYoungGen      total 14336K, used 448K [0x00000000eab00000, 0x00000000ebb00000, 0x0000000100000000)
  eden space 13824K, 0% used [0x00000000eab00000,0x00000000eab00000,0x00000000eb880000)
  from space 512K, 87% used [0x00000000eba80000,0x00000000ebaf0000,0x00000000ebb00000)
  to   space 1024K, 0% used [0x00000000eb900000,0x00000000eb900000,0x00000000eba00000)
 ParOldGen       total 68608K, used 40411K [0x00000000c0000000, 0x00000000c4300000, 0x00000000eab00000)
  object space 68608K, 58% used [0x00000000c0000000,0x00000000c2776d80,0x00000000c4300000)
 Metaspace       used 60893K, committed 62208K, reserved 1114112K
  class space    used 7476K, committed 8064K, reserved 1048576K
}
Event: 5.044 GC heap before
{Heap before GC invocations=48 (full 3):
 PSYoungGen      total 14336K, used 14272K [0x00000000eab00000, 0x00000000ebb00000, 0x0000000100000000)
  eden space 13824K, 100% used [0x00000000eab00000,0x00000000eb880000,0x00000000eb880000)
  from space 512K, 87% used [0x00000000eba80000,0x00000000ebaf0000,0x00000000ebb00000)
  to   space 1024K, 0% used [0x00000000eb900000,0x00000000eb900000,0x00000000eba00000)
 ParOldGen       total 68608K, used 40411K [0x00000000c0000000, 0x00000000c4300000, 0x00000000eab00000)
  object space 68608K, 58% used [0x00000000c0000000,0x00000000c2776d80,0x00000000c4300000)
 Metaspace       used 60893K, committed 62208K, reserved 1114112K
  class space    used 7476K, committed 8064K, reserved 1048576K
}
Event: 5.044 GC heap after
{Heap after GC invocations=48 (full 3):
 PSYoungGen      total 14848K, used 1018K [0x00000000eab00000, 0x00000000ebc80000, 0x0000000100000000)
  eden space 13824K, 0% used [0x00000000eab00000,0x00000000eab00000,0x00000000eb880000)
  from space 1024K, 99% used [0x00000000eb900000,0x00000000eb9feb90,0x00000000eba00000)
  to   space 2048K, 0% used [0x00000000eba80000,0x00000000eba80000,0x00000000ebc80000)
 ParOldGen       total 68608K, used 40796K [0x00000000c0000000, 0x00000000c4300000, 0x00000000eab00000)
  object space 68608K, 59% used [0x00000000c0000000,0x00000000c27d71f8,0x00000000c4300000)
 Metaspace       used 60893K, committed 62208K, reserved 1114112K
  class space    used 7476K, committed 8064K, reserved 1048576K
}
Event: 5.089 GC heap before
{Heap before GC invocations=49 (full 3):
 PSYoungGen      total 14848K, used 14842K [0x00000000eab00000, 0x00000000ebc80000, 0x0000000100000000)
  eden space 13824K, 100% used [0x00000000eab00000,0x00000000eb880000,0x00000000eb880000)
  from space 1024K, 99% used [0x00000000eb900000,0x00000000eb9feb90,0x00000000eba00000)
  to   space 2048K, 0% used [0x00000000eba80000,0x00000000eba80000,0x00000000ebc80000)
 ParOldGen       total 68608K, used 40796K [0x00000000c0000000, 0x00000000c4300000, 0x00000000eab00000)
  object space 68608K, 59% used [0x00000000c0000000,0x00000000c27d71f8,0x00000000c4300000)
 Metaspace       used 60893K, committed 62208K, reserved 1114112K
  class space    used 7476K, committed 8064K, reserved 1048576K
}
Event: 5.089 GC heap after
{Heap after GC invocations=49 (full 3):
 PSYoungGen      total 14336K, used 320K [0x00000000eab00000, 0x00000000ebb00000, 0x0000000100000000)
  eden space 13824K, 0% used [0x00000000eab00000,0x00000000eab00000,0x00000000eb880000)
  from space 512K, 62% used [0x00000000eba80000,0x00000000ebad0000,0x00000000ebb00000)
  to   space 1024K, 0% used [0x00000000eb900000,0x00000000eb900000,0x00000000eba00000)
 ParOldGen       total 68608K, used 40860K [0x00000000c0000000, 0x00000000c4300000, 0x00000000eab00000)
  object space 68608K, 59% used [0x00000000c0000000,0x00000000c27e71f8,0x00000000c4300000)
 Metaspace       used 60893K, committed 62208K, reserved 1114112K
  class space    used 7476K, committed 8064K, reserved 1048576K
}
Event: 5.125 GC heap before
{Heap before GC invocations=50 (full 3):
 PSYoungGen      total 14336K, used 14144K [0x00000000eab00000, 0x00000000ebb00000, 0x0000000100000000)
  eden space 13824K, 100% used [0x00000000eab00000,0x00000000eb880000,0x00000000eb880000)
  from space 512K, 62% used [0x00000000eba80000,0x00000000ebad0000,0x00000000ebb00000)
  to   space 1024K, 0% used [0x00000000eb900000,0x00000000eb900000,0x00000000eba00000)
 ParOldGen       total 68608K, used 40860K [0x00000000c0000000, 0x00000000c4300000, 0x00000000eab00000)
  object space 68608K, 59% used [0x00000000c0000000,0x00000000c27e71f8,0x00000000c4300000)
 Metaspace       used 60893K, committed 62208K, reserved 1114112K
  class space    used 7476K, committed 8064K, reserved 1048576K
}
Event: 5.126 GC heap after
{Heap after GC invocations=50 (full 3):
 PSYoungGen      total 14848K, used 1018K [0x00000000eab00000, 0x00000000ebb80000, 0x0000000100000000)
  eden space 13824K, 0% used [0x00000000eab00000,0x00000000eab00000,0x00000000eb880000)
  from space 1024K, 99% used [0x00000000eb900000,0x00000000eb9fe968,0x00000000eba00000)
  to   space 1536K, 0% used [0x00000000eba00000,0x00000000eba00000,0x00000000ebb80000)
 ParOldGen       total 68608K, used 41100K [0x00000000c0000000, 0x00000000c4300000, 0x00000000eab00000)
  object space 68608K, 59% used [0x00000000c0000000,0x00000000c2823070,0x00000000c4300000)
 Metaspace       used 60893K, committed 62208K, reserved 1114112K
  class space    used 7476K, committed 8064K, reserved 1048576K
}
Event: 5.165 GC heap before
{Heap before GC invocations=51 (full 3):
 PSYoungGen      total 14848K, used 14842K [0x00000000eab00000, 0x00000000ebb80000, 0x0000000100000000)
  eden space 13824K, 100% used [0x00000000eab00000,0x00000000eb880000,0x00000000eb880000)
  from space 1024K, 99% used [0x00000000eb900000,0x00000000eb9fe968,0x00000000eba00000)
  to   space 1536K, 0% used [0x00000000eba00000,0x00000000eba00000,0x00000000ebb80000)
 ParOldGen       total 68608K, used 41100K [0x00000000c0000000, 0x00000000c4300000, 0x00000000eab00000)
  object space 68608K, 59% used [0x00000000c0000000,0x00000000c2823070,0x00000000c4300000)
 Metaspace       used 60893K, committed 62208K, reserved 1114112K
  class space    used 7476K, committed 8064K, reserved 1048576K
}
Event: 5.166 GC heap after
{Heap after GC invocations=51 (full 3):
 PSYoungGen      total 15360K, used 1007K [0x00000000eab00000, 0x00000000ebb80000, 0x0000000100000000)
  eden space 13824K, 0% used [0x00000000eab00000,0x00000000eab00000,0x00000000eb880000)
  from space 1536K, 65% used [0x00000000eba00000,0x00000000ebafbf90,0x00000000ebb80000)
  to   space 1536K, 0% used [0x00000000eb880000,0x00000000eb880000,0x00000000eba00000)
 ParOldGen       total 68608K, used 41246K [0x00000000c0000000, 0x00000000c4300000, 0x00000000eab00000)
  object space 68608K, 60% used [0x00000000c0000000,0x00000000c2847a60,0x00000000c4300000)
 Metaspace       used 60893K, committed 62208K, reserved 1114112K
  class space    used 7476K, committed 8064K, reserved 1048576K
}
Event: 5.199 GC heap before
{Heap before GC invocations=52 (full 3):
 PSYoungGen      total 15360K, used 14831K [0x00000000eab00000, 0x00000000ebb80000, 0x0000000100000000)
  eden space 13824K, 100% used [0x00000000eab00000,0x00000000eb880000,0x00000000eb880000)
  from space 1536K, 65% used [0x00000000eba00000,0x00000000ebafbf90,0x00000000ebb80000)
  to   space 1536K, 0% used [0x00000000eb880000,0x00000000eb880000,0x00000000eba00000)
 ParOldGen       total 68608K, used 41246K [0x00000000c0000000, 0x00000000c4300000, 0x00000000eab00000)
  object space 68608K, 60% used [0x00000000c0000000,0x00000000c2847a60,0x00000000c4300000)
 Metaspace       used 60893K, committed 62208K, reserved 1114112K
  class space    used 7476K, committed 8064K, reserved 1048576K
}
Event: 5.200 GC heap after
{Heap after GC invocations=52 (full 3):
 PSYoungGen      total 14336K, used 352K [0x00000000eab00000, 0x00000000eba80000, 0x0000000100000000)
  eden space 13824K, 0% used [0x00000000eab00000,0x00000000eab00000,0x00000000eb880000)
  from space 512K, 68% used [0x00000000eb880000,0x00000000eb8d8000,0x00000000eb900000)
  to   space 1024K, 0% used [0x00000000eb980000,0x00000000eb980000,0x00000000eba80000)
 ParOldGen       total 68608K, used 41469K [0x00000000c0000000, 0x00000000c4300000, 0x00000000eab00000)
  object space 68608K, 60% used [0x00000000c0000000,0x00000000c287f490,0x00000000c4300000)
 Metaspace       used 60893K, committed 62208K, reserved 1114112K
  class space    used 7476K, committed 8064K, reserved 1048576K
}
Event: 6.307 GC heap before
{Heap before GC invocations=53 (full 3):
 PSYoungGen      total 14336K, used 14175K [0x00000000eab00000, 0x00000000eba80000, 0x0000000100000000)
  eden space 13824K, 99% used [0x00000000eab00000,0x00000000eb87fff8,0x00000000eb880000)
  from space 512K, 68% used [0x00000000eb880000,0x00000000eb8d8000,0x00000000eb900000)
  to   space 1024K, 0% used [0x00000000eb980000,0x00000000eb980000,0x00000000eba80000)
 ParOldGen       total 68608K, used 41469K [0x00000000c0000000, 0x00000000c4300000, 0x00000000eab00000)
  object space 68608K, 60% used [0x00000000c0000000,0x00000000c287f490,0x00000000c4300000)
 Metaspace       used 61845K, committed 63040K, reserved 1114112K
  class space    used 7623K, committed 8128K, reserved 1048576K
}
Event: 6.308 GC heap after
{Heap after GC invocations=53 (full 3):
 PSYoungGen      total 14848K, used 576K [0x00000000eab00000, 0x00000000eba80000, 0x0000000100000000)
  eden space 13824K, 0% used [0x00000000eab00000,0x00000000eab00000,0x00000000eb880000)
  from space 1024K, 56% used [0x00000000eb980000,0x00000000eba10010,0x00000000eba80000)
  to   space 1024K, 0% used [0x00000000eb880000,0x00000000eb880000,0x00000000eb980000)
 ParOldGen       total 68608K, used 42354K [0x00000000c0000000, 0x00000000c4300000, 0x00000000eab00000)
  object space 68608K, 61% used [0x00000000c0000000,0x00000000c295c9b0,0x00000000c4300000)
 Metaspace       used 61845K, committed 63040K, reserved 1114112K
  class space    used 7623K, committed 8128K, reserved 1048576K
}

