# JRE version: OpenJDK Runtime Environment Temurin-21.0.6+7 (21.0.6+7) (build 21.0.6+7-LTS)
# Java VM: OpenJDK 64-Bit Server VM Temurin-21.0.6+7 (21.0.6+7-LTS, mixed mode, sharing, tiered, compressed oops, compressed class ptrs, parallel gc, windows-amd64)
GC Precious Log:
 CardTable entry size: 512
 CPUs: 20 total, 20 available
 Memory: 24264M
 Large Page Support: Disabled
 NUMA Support: Disabled
 Compressed Oops: Enabled (32-bit)
 Alignments: Space 512K, Generation 512K, Heap 2M
 Heap Min Capacity: 100M
 Heap Initial Capacity: 100M
 Heap Max Capacity: 1G
 Pre-touch: Disabled
 Parallel Workers: 15
Heap:
 PSYoungGen      total 12800K, used 715K [0x00000000eab00000, 0x00000000eba00000, 0x0000000100000000)
  eden space 11776K, 0% used [0x00000000eab00000,0x00000000eab0adf8,0x00000000eb680000)
  from space 1024K, 65% used [0x00000000eb900000,0x00000000eb9a8000,0x00000000eba00000)
  to   space 1024K, 0% used [0x00000000eb800000,0x00000000eb800000,0x00000000eb900000)
 ParOldGen       total 68608K, used 43261K [0x00000000c0000000, 0x00000000c4300000, 0x00000000eab00000)
  object space 68608K, 63% used [0x00000000c0000000,0x00000000c2a3f688,0x00000000c4300000)
 Metaspace       used 62340K, committed 63680K, reserved 1114112K
  class space    used 7688K, committed 8320K, reserved 1048576K
GC Heap History (20 events):
Event: 4.910 GC heap before
{Heap before GC invocations=49 (full 3):
 PSYoungGen      total 13824K, used 12192K [0x00000000eab00000, 0x00000000ebc80000, 0x0000000100000000)
  eden space 11776K, 100% used [0x00000000eab00000,0x00000000eb680000,0x00000000eb680000)
  from space 2048K, 20% used [0x00000000eb900000,0x00000000eb968000,0x00000000ebb00000)
  to   space 1024K, 0% used [0x00000000ebb80000,0x00000000ebb80000,0x00000000ebc80000)
 ParOldGen       total 68608K, used 40238K [0x00000000c0000000, 0x00000000c4300000, 0x00000000eab00000)
  object space 68608K, 58% used [0x00000000c0000000,0x00000000c274bab0,0x00000000c4300000)
 Metaspace       used 60901K, committed 62208K, reserved 1114112K
  class space    used 7477K, committed 8064K, reserved 1048576K
}
Event: 4.910 GC heap after
{Heap after GC invocations=49 (full 3):
 PSYoungGen      total 12800K, used 1016K [0x00000000eab00000, 0x00000000ebc80000, 0x0000000100000000)
  eden space 11776K, 0% used [0x00000000eab00000,0x00000000eab00000,0x00000000eb680000)
  from space 1024K, 99% used [0x00000000ebb80000,0x00000000ebc7e390,0x00000000ebc80000)
  to   space 1536K, 0% used [0x00000000eb980000,0x00000000eb980000,0x00000000ebb00000)
 ParOldGen       total 68608K, used 40585K [0x00000000c0000000, 0x00000000c4300000, 0x00000000eab00000)
  object space 68608K, 59% used [0x00000000c0000000,0x00000000c27a2418,0x00000000c4300000)
 Metaspace       used 60901K, committed 62208K, reserved 1114112K
  class space    used 7477K, committed 8064K, reserved 1048576K
}
Event: 4.945 GC heap before
{Heap before GC invocations=50 (full 3):
 PSYoungGen      total 12800K, used 12792K [0x00000000eab00000, 0x00000000ebc80000, 0x0000000100000000)
  eden space 11776K, 100% used [0x00000000eab00000,0x00000000eb680000,0x00000000eb680000)
  from space 1024K, 99% used [0x00000000ebb80000,0x00000000ebc7e390,0x00000000ebc80000)
  to   space 1536K, 0% used [0x00000000eb980000,0x00000000eb980000,0x00000000ebb00000)
 ParOldGen       total 68608K, used 40585K [0x00000000c0000000, 0x00000000c4300000, 0x00000000eab00000)
  object space 68608K, 59% used [0x00000000c0000000,0x00000000c27a2418,0x00000000c4300000)
 Metaspace       used 60910K, committed 62272K, reserved 1114112K
  class space    used 7477K, committed 8064K, reserved 1048576K
}
Event: 4.945 GC heap after
{Heap after GC invocations=50 (full 3):
 PSYoungGen      total 13312K, used 490K [0x00000000eab00000, 0x00000000ebc00000, 0x0000000100000000)
  eden space 11776K, 0% used [0x00000000eab00000,0x00000000eab00000,0x00000000eb680000)
  from space 1536K, 31% used [0x00000000eb980000,0x00000000eb9fa9b0,0x00000000ebb00000)
  to   space 1024K, 0% used [0x00000000ebb00000,0x00000000ebb00000,0x00000000ebc00000)
 ParOldGen       total 68608K, used 40681K [0x00000000c0000000, 0x00000000c4300000, 0x00000000eab00000)
  object space 68608K, 59% used [0x00000000c0000000,0x00000000c27ba418,0x00000000c4300000)
 Metaspace       used 60910K, committed 62272K, reserved 1114112K
  class space    used 7477K, committed 8064K, reserved 1048576K
}
Event: 4.977 GC heap before
{Heap before GC invocations=51 (full 3):
 PSYoungGen      total 13312K, used 12266K [0x00000000eab00000, 0x00000000ebc00000, 0x0000000100000000)
  eden space 11776K, 100% used [0x00000000eab00000,0x00000000eb680000,0x00000000eb680000)
  from space 1536K, 31% used [0x00000000eb980000,0x00000000eb9fa9b0,0x00000000ebb00000)
  to   space 1024K, 0% used [0x00000000ebb00000,0x00000000ebb00000,0x00000000ebc00000)
 ParOldGen       total 68608K, used 40681K [0x00000000c0000000, 0x00000000c4300000, 0x00000000eab00000)
  object space 68608K, 59% used [0x00000000c0000000,0x00000000c27ba418,0x00000000c4300000)
 Metaspace       used 60910K, committed 62272K, reserved 1114112K
  class space    used 7477K, committed 8064K, reserved 1048576K
}
Event: 4.977 GC heap after
{Heap after GC invocations=51 (full 3):
 PSYoungGen      total 12800K, used 1012K [0x00000000eab00000, 0x00000000ebc00000, 0x0000000100000000)
  eden space 11776K, 0% used [0x00000000eab00000,0x00000000eab00000,0x00000000eb680000)
  from space 1024K, 98% used [0x00000000ebb00000,0x00000000ebbfd380,0x00000000ebc00000)
  to   space 1536K, 0% used [0x00000000eb900000,0x00000000eb900000,0x00000000eba80000)
 ParOldGen       total 68608K, used 40952K [0x00000000c0000000, 0x00000000c4300000, 0x00000000eab00000)
  object space 68608K, 59% used [0x00000000c0000000,0x00000000c27fe3e8,0x00000000c4300000)
 Metaspace       used 60910K, committed 62272K, reserved 1114112K
  class space    used 7477K, committed 8064K, reserved 1048576K
}
Event: 5.010 GC heap before
{Heap before GC invocations=52 (full 3):
 PSYoungGen      total 12800K, used 12788K [0x00000000eab00000, 0x00000000ebc00000, 0x0000000100000000)
  eden space 11776K, 100% used [0x00000000eab00000,0x00000000eb680000,0x00000000eb680000)
  from space 1024K, 98% used [0x00000000ebb00000,0x00000000ebbfd380,0x00000000ebc00000)
  to   space 1536K, 0% used [0x00000000eb900000,0x00000000eb900000,0x00000000eba80000)
 ParOldGen       total 68608K, used 40952K [0x00000000c0000000, 0x00000000c4300000, 0x00000000eab00000)
  object space 68608K, 59% used [0x00000000c0000000,0x00000000c27fe3e8,0x00000000c4300000)
 Metaspace       used 60910K, committed 62272K, reserved 1114112K
  class space    used 7477K, committed 8064K, reserved 1048576K
}
Event: 5.010 GC heap after
{Heap after GC invocations=52 (full 3):
 PSYoungGen      total 13312K, used 557K [0x00000000eab00000, 0x00000000ebb80000, 0x0000000100000000)
  eden space 11776K, 0% used [0x00000000eab00000,0x00000000eab00000,0x00000000eb680000)
  from space 1536K, 36% used [0x00000000eb900000,0x00000000eb98b420,0x00000000eba80000)
  to   space 1024K, 0% used [0x00000000eba80000,0x00000000eba80000,0x00000000ebb80000)
 ParOldGen       total 68608K, used 41048K [0x00000000c0000000, 0x00000000c4300000, 0x00000000eab00000)
  object space 68608K, 59% used [0x00000000c0000000,0x00000000c28163e8,0x00000000c4300000)
 Metaspace       used 60910K, committed 62272K, reserved 1114112K
  class space    used 7477K, committed 8064K, reserved 1048576K
}
Event: 5.043 GC heap before
{Heap before GC invocations=53 (full 3):
 PSYoungGen      total 13312K, used 12333K [0x00000000eab00000, 0x00000000ebb80000, 0x0000000100000000)
  eden space 11776K, 100% used [0x00000000eab00000,0x00000000eb680000,0x00000000eb680000)
  from space 1536K, 36% used [0x00000000eb900000,0x00000000eb98b420,0x00000000eba80000)
  to   space 1024K, 0% used [0x00000000eba80000,0x00000000eba80000,0x00000000ebb80000)
 ParOldGen       total 68608K, used 41048K [0x00000000c0000000, 0x00000000c4300000, 0x00000000eab00000)
  object space 68608K, 59% used [0x00000000c0000000,0x00000000c28163e8,0x00000000c4300000)
 Metaspace       used 60910K, committed 62272K, reserved 1114112K
  class space    used 7477K, committed 8064K, reserved 1048576K
}
Event: 5.044 GC heap after
{Heap after GC invocations=53 (full 3):
 PSYoungGen      total 12800K, used 1019K [0x00000000eab00000, 0x00000000ebb80000, 0x0000000100000000)
  eden space 11776K, 0% used [0x00000000eab00000,0x00000000eab00000,0x00000000eb680000)
  from space 1024K, 99% used [0x00000000eba80000,0x00000000ebb7edb0,0x00000000ebb80000)
  to   space 1536K, 0% used [0x00000000eb880000,0x00000000eb880000,0x00000000eba00000)
 ParOldGen       total 68608K, used 41364K [0x00000000c0000000, 0x00000000c4300000, 0x00000000eab00000)
  object space 68608K, 60% used [0x00000000c0000000,0x00000000c28653a0,0x00000000c4300000)
 Metaspace       used 60910K, committed 62272K, reserved 1114112K
  class space    used 7477K, committed 8064K, reserved 1048576K
}
Event: 5.079 GC heap before
{Heap before GC invocations=54 (full 3):
 PSYoungGen      total 12800K, used 12795K [0x00000000eab00000, 0x00000000ebb80000, 0x0000000100000000)
  eden space 11776K, 100% used [0x00000000eab00000,0x00000000eb680000,0x00000000eb680000)
  from space 1024K, 99% used [0x00000000eba80000,0x00000000ebb7edb0,0x00000000ebb80000)
  to   space 1536K, 0% used [0x00000000eb880000,0x00000000eb880000,0x00000000eba00000)
 ParOldGen       total 68608K, used 41364K [0x00000000c0000000, 0x00000000c4300000, 0x00000000eab00000)
  object space 68608K, 60% used [0x00000000c0000000,0x00000000c28653a0,0x00000000c4300000)
 Metaspace       used 60910K, committed 62272K, reserved 1114112K
  class space    used 7477K, committed 8064K, reserved 1048576K
}
Event: 5.080 GC heap after
{Heap after GC invocations=54 (full 3):
 PSYoungGen      total 13312K, used 621K [0x00000000eab00000, 0x00000000ebb00000, 0x0000000100000000)
  eden space 11776K, 0% used [0x00000000eab00000,0x00000000eab00000,0x00000000eb680000)
  from space 1536K, 40% used [0x00000000eb880000,0x00000000eb91b420,0x00000000eba00000)
  to   space 1024K, 0% used [0x00000000eba00000,0x00000000eba00000,0x00000000ebb00000)
 ParOldGen       total 68608K, used 41460K [0x00000000c0000000, 0x00000000c4300000, 0x00000000eab00000)
  object space 68608K, 60% used [0x00000000c0000000,0x00000000c287d3a0,0x00000000c4300000)
 Metaspace       used 60910K, committed 62272K, reserved 1114112K
  class space    used 7477K, committed 8064K, reserved 1048576K
}
Event: 5.112 GC heap before
{Heap before GC invocations=55 (full 3):
 PSYoungGen      total 13312K, used 12397K [0x00000000eab00000, 0x00000000ebb00000, 0x0000000100000000)
  eden space 11776K, 100% used [0x00000000eab00000,0x00000000eb680000,0x00000000eb680000)
  from space 1536K, 40% used [0x00000000eb880000,0x00000000eb91b420,0x00000000eba00000)
  to   space 1024K, 0% used [0x00000000eba00000,0x00000000eba00000,0x00000000ebb00000)
 ParOldGen       total 68608K, used 41460K [0x00000000c0000000, 0x00000000c4300000, 0x00000000eab00000)
  object space 68608K, 60% used [0x00000000c0000000,0x00000000c287d3a0,0x00000000c4300000)
 Metaspace       used 60910K, committed 62272K, reserved 1114112K
  class space    used 7477K, committed 8064K, reserved 1048576K
}
Event: 5.113 GC heap after
{Heap after GC invocations=55 (full 3):
 PSYoungGen      total 12800K, used 1022K [0x00000000eab00000, 0x00000000ebb00000, 0x0000000100000000)
  eden space 11776K, 0% used [0x00000000eab00000,0x00000000eab00000,0x00000000eb680000)
  from space 1024K, 99% used [0x00000000eba00000,0x00000000ebaffa50,0x00000000ebb00000)
  to   space 1536K, 0% used [0x00000000eb800000,0x00000000eb800000,0x00000000eb980000)
 ParOldGen       total 68608K, used 41797K [0x00000000c0000000, 0x00000000c4300000, 0x00000000eab00000)
  object space 68608K, 60% used [0x00000000c0000000,0x00000000c28d14f0,0x00000000c4300000)
 Metaspace       used 60910K, committed 62272K, reserved 1114112K
  class space    used 7477K, committed 8064K, reserved 1048576K
}
Event: 5.145 GC heap before
{Heap before GC invocations=56 (full 3):
 PSYoungGen      total 12800K, used 12798K [0x00000000eab00000, 0x00000000ebb00000, 0x0000000100000000)
  eden space 11776K, 100% used [0x00000000eab00000,0x00000000eb680000,0x00000000eb680000)
  from space 1024K, 99% used [0x00000000eba00000,0x00000000ebaffa50,0x00000000ebb00000)
  to   space 1536K, 0% used [0x00000000eb800000,0x00000000eb800000,0x00000000eb980000)
 ParOldGen       total 68608K, used 41797K [0x00000000c0000000, 0x00000000c4300000, 0x00000000eab00000)
  object space 68608K, 60% used [0x00000000c0000000,0x00000000c28d14f0,0x00000000c4300000)
 Metaspace       used 60911K, committed 62272K, reserved 1114112K
  class space    used 7477K, committed 8064K, reserved 1048576K
}
Event: 5.146 GC heap after
{Heap after GC invocations=56 (full 3):
 PSYoungGen      total 13312K, used 642K [0x00000000eab00000, 0x00000000eba80000, 0x0000000100000000)
  eden space 11776K, 0% used [0x00000000eab00000,0x00000000eab00000,0x00000000eb680000)
  from space 1536K, 41% used [0x00000000eb800000,0x00000000eb8a08c8,0x00000000eb980000)
  to   space 1024K, 0% used [0x00000000eb980000,0x00000000eb980000,0x00000000eba80000)
 ParOldGen       total 68608K, used 41893K [0x00000000c0000000, 0x00000000c4300000, 0x00000000eab00000)
  object space 68608K, 61% used [0x00000000c0000000,0x00000000c28e94f0,0x00000000c4300000)
 Metaspace       used 60911K, committed 62272K, reserved 1114112K
  class space    used 7477K, committed 8064K, reserved 1048576K
}
Event: 5.174 GC heap before
{Heap before GC invocations=57 (full 3):
 PSYoungGen      total 13312K, used 12418K [0x00000000eab00000, 0x00000000eba80000, 0x0000000100000000)
  eden space 11776K, 100% used [0x00000000eab00000,0x00000000eb680000,0x00000000eb680000)
  from space 1536K, 41% used [0x00000000eb800000,0x00000000eb8a08c8,0x00000000eb980000)
  to   space 1024K, 0% used [0x00000000eb980000,0x00000000eb980000,0x00000000eba80000)
 ParOldGen       total 68608K, used 41893K [0x00000000c0000000, 0x00000000c4300000, 0x00000000eab00000)
  object space 68608K, 61% used [0x00000000c0000000,0x00000000c28e94f0,0x00000000c4300000)
 Metaspace       used 60911K, committed 62272K, reserved 1114112K
  class space    used 7477K, committed 8064K, reserved 1048576K
}
Event: 5.174 GC heap after
{Heap after GC invocations=57 (full 3):
 PSYoungGen      total 12800K, used 1013K [0x00000000eab00000, 0x00000000eba80000, 0x0000000100000000)
  eden space 11776K, 0% used [0x00000000eab00000,0x00000000eab00000,0x00000000eb680000)
  from space 1024K, 98% used [0x00000000eb980000,0x00000000eba7d6e0,0x00000000eba80000)
  to   space 1536K, 0% used [0x00000000eb780000,0x00000000eb780000,0x00000000eb900000)
 ParOldGen       total 68608K, used 42184K [0x00000000c0000000, 0x00000000c4300000, 0x00000000eab00000)
  object space 68608K, 61% used [0x00000000c0000000,0x00000000c2932168,0x00000000c4300000)
 Metaspace       used 60911K, committed 62272K, reserved 1114112K
  class space    used 7477K, committed 8064K, reserved 1048576K
}
Event: 5.230 GC heap before
{Heap before GC invocations=58 (full 3):
 PSYoungGen      total 12800K, used 12789K [0x00000000eab00000, 0x00000000eba80000, 0x0000000100000000)
  eden space 11776K, 100% used [0x00000000eab00000,0x00000000eb680000,0x00000000eb680000)
  from space 1024K, 98% used [0x00000000eb980000,0x00000000eba7d6e0,0x00000000eba80000)
  to   space 1536K, 0% used [0x00000000eb780000,0x00000000eb780000,0x00000000eb900000)
 ParOldGen       total 68608K, used 42184K [0x00000000c0000000, 0x00000000c4300000, 0x00000000eab00000)
  object space 68608K, 61% used [0x00000000c0000000,0x00000000c2932168,0x00000000c4300000)
 Metaspace       used 61160K, committed 62464K, reserved 1114112K
  class space    used 7533K, committed 8128K, reserved 1048576K
}
Event: 5.231 GC heap after
{Heap after GC invocations=58 (full 3):
 PSYoungGen      total 13312K, used 448K [0x00000000eab00000, 0x00000000eba00000, 0x0000000100000000)
  eden space 11776K, 0% used [0x00000000eab00000,0x00000000eab00000,0x00000000eb680000)
  from space 1536K, 29% used [0x00000000eb780000,0x00000000eb7f0000,0x00000000eb900000)
  to   space 1024K, 0% used [0x00000000eb900000,0x00000000eb900000,0x00000000eba00000)
 ParOldGen       total 68608K, used 42280K [0x00000000c0000000, 0x00000000c4300000, 0x00000000eab00000)
  object space 68608K, 61% used [0x00000000c0000000,0x00000000c294a168,0x00000000c4300000)
 Metaspace       used 61160K, committed 62464K, reserved 1114112K
  class space    used 7533K, committed 8128K, reserved 1048576K
}

