# JRE version: OpenJDK Runtime Environment Temurin-21.0.6+7 (21.0.6+7) (build 21.0.6+7-LTS)
# Java VM: OpenJDK 64-Bit Server VM Temurin-21.0.6+7 (21.0.6+7-LTS, mixed mode, sharing, tiered, compressed oops, compressed class ptrs, parallel gc, windows-amd64)
GC Precious Log:
 CardTable entry size: 512
 CPUs: 20 total, 20 available
 Memory: 24264M
 Large Page Support: Disabled
 NUMA Support: Disabled
 Compressed Oops: Enabled (32-bit)
 Alignments: Space 512K, Generation 512K, Heap 2M
 Heap Min Capacity: 100M
 Heap Initial Capacity: 100M
 Heap Max Capacity: 1G
 Pre-touch: Disabled
 Parallel Workers: 15
Heap:
 PSYoungGen      total 22528K, used 10382K [0x00000000eab00000, 0x00000000ec200000, 0x0000000100000000)
  eden space 21504K, 46% used [0x00000000eab00000,0x00000000eb4abae0,0x00000000ec000000)
  from space 1024K, 46% used [0x00000000ec100000,0x00000000ec178000,0x00000000ec200000)
  to   space 1024K, 0% used [0x00000000ec000000,0x00000000ec000000,0x00000000ec100000)
 ParOldGen       total 68608K, used 40001K [0x00000000c0000000, 0x00000000c4300000, 0x00000000eab00000)
  object space 68608K, 58% used [0x00000000c0000000,0x00000000c2710710,0x00000000c4300000)
 Metaspace       used 62380K, committed 63744K, reserved 1114112K
  class space    used 7696K, committed 8320K, reserved 1048576K
GC Heap History (20 events):
Event: 4.348 GC heap before
{Heap before GC invocations=34 (full 3):
 PSYoungGen      total 22016K, used 21504K [0x00000000eab00000, 0x00000000ec280000, 0x0000000100000000)
  eden space 21504K, 100% used [0x00000000eab00000,0x00000000ec000000,0x00000000ec000000)
  from space 512K, 0% used [0x00000000ec200000,0x00000000ec200000,0x00000000ec280000)
  to   space 512K, 0% used [0x00000000ec000000,0x00000000ec000000,0x00000000ec080000)
 ParOldGen       total 68608K, used 38279K [0x00000000c0000000, 0x00000000c4300000, 0x00000000eab00000)
  object space 68608K, 55% used [0x00000000c0000000,0x00000000c2561f00,0x00000000c4300000)
 Metaspace       used 59531K, committed 60800K, reserved 1114112K
  class space    used 7231K, committed 7808K, reserved 1048576K
}
Event: 4.350 GC heap after
{Heap after GC invocations=34 (full 3):
 PSYoungGen      total 22016K, used 506K [0x00000000eab00000, 0x00000000ec280000, 0x0000000100000000)
  eden space 21504K, 0% used [0x00000000eab00000,0x00000000eab00000,0x00000000ec000000)
  from space 512K, 98% used [0x00000000ec000000,0x00000000ec07e810,0x00000000ec080000)
  to   space 1024K, 0% used [0x00000000ec180000,0x00000000ec180000,0x00000000ec280000)
 ParOldGen       total 68608K, used 38465K [0x00000000c0000000, 0x00000000c4300000, 0x00000000eab00000)
  object space 68608K, 56% used [0x00000000c0000000,0x00000000c2590770,0x00000000c4300000)
 Metaspace       used 59531K, committed 60800K, reserved 1114112K
  class space    used 7231K, committed 7808K, reserved 1048576K
}
Event: 4.421 GC heap before
{Heap before GC invocations=35 (full 3):
 PSYoungGen      total 22016K, used 22010K [0x00000000eab00000, 0x00000000ec280000, 0x0000000100000000)
  eden space 21504K, 100% used [0x00000000eab00000,0x00000000ec000000,0x00000000ec000000)
  from space 512K, 98% used [0x00000000ec000000,0x00000000ec07e810,0x00000000ec080000)
  to   space 1024K, 0% used [0x00000000ec180000,0x00000000ec180000,0x00000000ec280000)
 ParOldGen       total 68608K, used 38465K [0x00000000c0000000, 0x00000000c4300000, 0x00000000eab00000)
  object space 68608K, 56% used [0x00000000c0000000,0x00000000c2590770,0x00000000c4300000)
 Metaspace       used 60813K, committed 62080K, reserved 1114112K
  class space    used 7465K, committed 8064K, reserved 1048576K
}
Event: 4.422 GC heap after
{Heap after GC invocations=35 (full 3):
 PSYoungGen      total 22528K, used 723K [0x00000000eab00000, 0x00000000ec280000, 0x0000000100000000)
  eden space 21504K, 0% used [0x00000000eab00000,0x00000000eab00000,0x00000000ec000000)
  from space 1024K, 70% used [0x00000000ec180000,0x00000000ec234c90,0x00000000ec280000)
  to   space 1024K, 0% used [0x00000000ec080000,0x00000000ec080000,0x00000000ec180000)
 ParOldGen       total 68608K, used 38711K [0x00000000c0000000, 0x00000000c4300000, 0x00000000eab00000)
  object space 68608K, 56% used [0x00000000c0000000,0x00000000c25cdc80,0x00000000c4300000)
 Metaspace       used 60813K, committed 62080K, reserved 1114112K
  class space    used 7465K, committed 8064K, reserved 1048576K
}
Event: 4.484 GC heap before
{Heap before GC invocations=36 (full 3):
 PSYoungGen      total 22528K, used 22227K [0x00000000eab00000, 0x00000000ec280000, 0x0000000100000000)
  eden space 21504K, 100% used [0x00000000eab00000,0x00000000ec000000,0x00000000ec000000)
  from space 1024K, 70% used [0x00000000ec180000,0x00000000ec234c90,0x00000000ec280000)
  to   space 1024K, 0% used [0x00000000ec080000,0x00000000ec080000,0x00000000ec180000)
 ParOldGen       total 68608K, used 38711K [0x00000000c0000000, 0x00000000c4300000, 0x00000000eab00000)
  object space 68608K, 56% used [0x00000000c0000000,0x00000000c25cdc80,0x00000000c4300000)
 Metaspace       used 60931K, committed 62208K, reserved 1114112K
  class space    used 7486K, committed 8064K, reserved 1048576K
}
Event: 4.484 GC heap after
{Heap after GC invocations=36 (full 3):
 PSYoungGen      total 22528K, used 1008K [0x00000000eab00000, 0x00000000ec400000, 0x0000000100000000)
  eden space 21504K, 0% used [0x00000000eab00000,0x00000000eab00000,0x00000000ec000000)
  from space 1024K, 98% used [0x00000000ec080000,0x00000000ec17c2f8,0x00000000ec180000)
  to   space 2048K, 0% used [0x00000000ec200000,0x00000000ec200000,0x00000000ec400000)
 ParOldGen       total 68608K, used 39209K [0x00000000c0000000, 0x00000000c4300000, 0x00000000eab00000)
  object space 68608K, 57% used [0x00000000c0000000,0x00000000c264a7a8,0x00000000c4300000)
 Metaspace       used 60931K, committed 62208K, reserved 1114112K
  class space    used 7486K, committed 8064K, reserved 1048576K
}
Event: 4.530 GC heap before
{Heap before GC invocations=37 (full 3):
 PSYoungGen      total 22528K, used 22512K [0x00000000eab00000, 0x00000000ec400000, 0x0000000100000000)
  eden space 21504K, 100% used [0x00000000eab00000,0x00000000ec000000,0x00000000ec000000)
  from space 1024K, 98% used [0x00000000ec080000,0x00000000ec17c2f8,0x00000000ec180000)
  to   space 2048K, 0% used [0x00000000ec200000,0x00000000ec200000,0x00000000ec400000)
 ParOldGen       total 68608K, used 39209K [0x00000000c0000000, 0x00000000c4300000, 0x00000000eab00000)
  object space 68608K, 57% used [0x00000000c0000000,0x00000000c264a7a8,0x00000000c4300000)
 Metaspace       used 60931K, committed 62208K, reserved 1114112K
  class space    used 7486K, committed 8064K, reserved 1048576K
}
Event: 4.531 GC heap after
{Heap after GC invocations=37 (full 3):
 PSYoungGen      total 23040K, used 1449K [0x00000000eab00000, 0x00000000ec380000, 0x0000000100000000)
  eden space 21504K, 0% used [0x00000000eab00000,0x00000000eab00000,0x00000000ec000000)
  from space 1536K, 94% used [0x00000000ec200000,0x00000000ec36a4b8,0x00000000ec380000)
  to   space 1536K, 0% used [0x00000000ec080000,0x00000000ec080000,0x00000000ec200000)
 ParOldGen       total 68608K, used 39385K [0x00000000c0000000, 0x00000000c4300000, 0x00000000eab00000)
  object space 68608K, 57% used [0x00000000c0000000,0x00000000c26767a8,0x00000000c4300000)
 Metaspace       used 60931K, committed 62208K, reserved 1114112K
  class space    used 7486K, committed 8064K, reserved 1048576K
}
Event: 4.584 GC heap before
{Heap before GC invocations=38 (full 3):
 PSYoungGen      total 23040K, used 22953K [0x00000000eab00000, 0x00000000ec380000, 0x0000000100000000)
  eden space 21504K, 100% used [0x00000000eab00000,0x00000000ec000000,0x00000000ec000000)
  from space 1536K, 94% used [0x00000000ec200000,0x00000000ec36a4b8,0x00000000ec380000)
  to   space 1536K, 0% used [0x00000000ec080000,0x00000000ec080000,0x00000000ec200000)
 ParOldGen       total 68608K, used 39385K [0x00000000c0000000, 0x00000000c4300000, 0x00000000eab00000)
  object space 68608K, 57% used [0x00000000c0000000,0x00000000c26767a8,0x00000000c4300000)
 Metaspace       used 60932K, committed 62208K, reserved 1114112K
  class space    used 7486K, committed 8064K, reserved 1048576K
}
Event: 4.585 GC heap after
{Heap after GC invocations=38 (full 3):
 PSYoungGen      total 23040K, used 1293K [0x00000000eab00000, 0x00000000ec300000, 0x0000000100000000)
  eden space 21504K, 0% used [0x00000000eab00000,0x00000000eab00000,0x00000000ec000000)
  from space 1536K, 84% used [0x00000000ec080000,0x00000000ec1c35e0,0x00000000ec200000)
  to   space 1024K, 0% used [0x00000000ec200000,0x00000000ec200000,0x00000000ec300000)
 ParOldGen       total 68608K, used 39465K [0x00000000c0000000, 0x00000000c4300000, 0x00000000eab00000)
  object space 68608K, 57% used [0x00000000c0000000,0x00000000c268a7a8,0x00000000c4300000)
 Metaspace       used 60932K, committed 62208K, reserved 1114112K
  class space    used 7486K, committed 8064K, reserved 1048576K
}
Event: 4.638 GC heap before
{Heap before GC invocations=39 (full 3):
 PSYoungGen      total 23040K, used 22797K [0x00000000eab00000, 0x00000000ec300000, 0x0000000100000000)
  eden space 21504K, 100% used [0x00000000eab00000,0x00000000ec000000,0x00000000ec000000)
  from space 1536K, 84% used [0x00000000ec080000,0x00000000ec1c35e0,0x00000000ec200000)
  to   space 1024K, 0% used [0x00000000ec200000,0x00000000ec200000,0x00000000ec300000)
 ParOldGen       total 68608K, used 39465K [0x00000000c0000000, 0x00000000c4300000, 0x00000000eab00000)
  object space 68608K, 57% used [0x00000000c0000000,0x00000000c268a7a8,0x00000000c4300000)
 Metaspace       used 60935K, committed 62208K, reserved 1114112K
  class space    used 7486K, committed 8064K, reserved 1048576K
}
Event: 4.639 GC heap after
{Heap after GC invocations=39 (full 3):
 PSYoungGen      total 22528K, used 1013K [0x00000000eab00000, 0x00000000ec300000, 0x0000000100000000)
  eden space 21504K, 0% used [0x00000000eab00000,0x00000000eab00000,0x00000000ec000000)
  from space 1024K, 98% used [0x00000000ec200000,0x00000000ec2fd588,0x00000000ec300000)
  to   space 1536K, 0% used [0x00000000ec000000,0x00000000ec000000,0x00000000ec180000)
 ParOldGen       total 68608K, used 39753K [0x00000000c0000000, 0x00000000c4300000, 0x00000000eab00000)
  object space 68608K, 57% used [0x00000000c0000000,0x00000000c26d2710,0x00000000c4300000)
 Metaspace       used 60935K, committed 62208K, reserved 1114112K
  class space    used 7486K, committed 8064K, reserved 1048576K
}
Event: 4.688 GC heap before
{Heap before GC invocations=40 (full 3):
 PSYoungGen      total 22528K, used 22517K [0x00000000eab00000, 0x00000000ec300000, 0x0000000100000000)
  eden space 21504K, 100% used [0x00000000eab00000,0x00000000ec000000,0x00000000ec000000)
  from space 1024K, 98% used [0x00000000ec200000,0x00000000ec2fd588,0x00000000ec300000)
  to   space 1536K, 0% used [0x00000000ec000000,0x00000000ec000000,0x00000000ec180000)
 ParOldGen       total 68608K, used 39753K [0x00000000c0000000, 0x00000000c4300000, 0x00000000eab00000)
  object space 68608K, 57% used [0x00000000c0000000,0x00000000c26d2710,0x00000000c4300000)
 Metaspace       used 60935K, committed 62208K, reserved 1114112K
  class space    used 7486K, committed 8064K, reserved 1048576K
}
Event: 4.688 GC heap after
{Heap after GC invocations=40 (full 3):
 PSYoungGen      total 23040K, used 1263K [0x00000000eab00000, 0x00000000ec300000, 0x0000000100000000)
  eden space 21504K, 0% used [0x00000000eab00000,0x00000000eab00000,0x00000000ec000000)
  from space 1536K, 82% used [0x00000000ec000000,0x00000000ec13bd78,0x00000000ec180000)
  to   space 1536K, 0% used [0x00000000ec180000,0x00000000ec180000,0x00000000ec300000)
 ParOldGen       total 68608K, used 39833K [0x00000000c0000000, 0x00000000c4300000, 0x00000000eab00000)
  object space 68608K, 58% used [0x00000000c0000000,0x00000000c26e6710,0x00000000c4300000)
 Metaspace       used 60935K, committed 62208K, reserved 1114112K
  class space    used 7486K, committed 8064K, reserved 1048576K
}
Event: 4.735 GC heap before
{Heap before GC invocations=41 (full 3):
 PSYoungGen      total 23040K, used 22767K [0x00000000eab00000, 0x00000000ec300000, 0x0000000100000000)
  eden space 21504K, 100% used [0x00000000eab00000,0x00000000ec000000,0x00000000ec000000)
  from space 1536K, 82% used [0x00000000ec000000,0x00000000ec13bd78,0x00000000ec180000)
  to   space 1536K, 0% used [0x00000000ec180000,0x00000000ec180000,0x00000000ec300000)
 ParOldGen       total 68608K, used 39833K [0x00000000c0000000, 0x00000000c4300000, 0x00000000eab00000)
  object space 68608K, 58% used [0x00000000c0000000,0x00000000c26e6710,0x00000000c4300000)
 Metaspace       used 60937K, committed 62208K, reserved 1114112K
  class space    used 7486K, committed 8064K, reserved 1048576K
}
Event: 4.735 GC heap after
{Heap after GC invocations=41 (full 3):
 PSYoungGen      total 23040K, used 986K [0x00000000eab00000, 0x00000000ec300000, 0x0000000100000000)
  eden space 21504K, 0% used [0x00000000eab00000,0x00000000eab00000,0x00000000ec000000)
  from space 1536K, 64% used [0x00000000ec180000,0x00000000ec276b78,0x00000000ec300000)
  to   space 1536K, 0% used [0x00000000ec000000,0x00000000ec000000,0x00000000ec180000)
 ParOldGen       total 68608K, used 39929K [0x00000000c0000000, 0x00000000c4300000, 0x00000000eab00000)
  object space 68608K, 58% used [0x00000000c0000000,0x00000000c26fe710,0x00000000c4300000)
 Metaspace       used 60937K, committed 62208K, reserved 1114112K
  class space    used 7486K, committed 8064K, reserved 1048576K
}
Event: 4.779 GC heap before
{Heap before GC invocations=42 (full 3):
 PSYoungGen      total 23040K, used 22490K [0x00000000eab00000, 0x00000000ec300000, 0x0000000100000000)
  eden space 21504K, 100% used [0x00000000eab00000,0x00000000ec000000,0x00000000ec000000)
  from space 1536K, 64% used [0x00000000ec180000,0x00000000ec276b78,0x00000000ec300000)
  to   space 1536K, 0% used [0x00000000ec000000,0x00000000ec000000,0x00000000ec180000)
 ParOldGen       total 68608K, used 39929K [0x00000000c0000000, 0x00000000c4300000, 0x00000000eab00000)
  object space 68608K, 58% used [0x00000000c0000000,0x00000000c26fe710,0x00000000c4300000)
 Metaspace       used 60944K, committed 62208K, reserved 1114112K
  class space    used 7486K, committed 8064K, reserved 1048576K
}
Event: 4.780 GC heap after
{Heap after GC invocations=42 (full 3):
 PSYoungGen      total 22528K, used 877K [0x00000000eab00000, 0x00000000ec200000, 0x0000000100000000)
  eden space 21504K, 0% used [0x00000000eab00000,0x00000000eab00000,0x00000000ec000000)
  from space 1024K, 85% used [0x00000000ec000000,0x00000000ec0db4f8,0x00000000ec100000)
  to   space 1024K, 0% used [0x00000000ec100000,0x00000000ec100000,0x00000000ec200000)
 ParOldGen       total 68608K, used 39977K [0x00000000c0000000, 0x00000000c4300000, 0x00000000eab00000)
  object space 68608K, 58% used [0x00000000c0000000,0x00000000c270a710,0x00000000c4300000)
 Metaspace       used 60944K, committed 62208K, reserved 1114112K
  class space    used 7486K, committed 8064K, reserved 1048576K
}
Event: 4.852 GC heap before
{Heap before GC invocations=43 (full 3):
 PSYoungGen      total 22528K, used 22381K [0x00000000eab00000, 0x00000000ec200000, 0x0000000100000000)
  eden space 21504K, 100% used [0x00000000eab00000,0x00000000ec000000,0x00000000ec000000)
  from space 1024K, 85% used [0x00000000ec000000,0x00000000ec0db4f8,0x00000000ec100000)
  to   space 1024K, 0% used [0x00000000ec100000,0x00000000ec100000,0x00000000ec200000)
 ParOldGen       total 68608K, used 39977K [0x00000000c0000000, 0x00000000c4300000, 0x00000000eab00000)
  object space 68608K, 58% used [0x00000000c0000000,0x00000000c270a710,0x00000000c4300000)
 Metaspace       used 61622K, committed 62912K, reserved 1114112K
  class space    used 7598K, committed 8192K, reserved 1048576K
}
Event: 4.852 GC heap after
{Heap after GC invocations=43 (full 3):
 PSYoungGen      total 22528K, used 480K [0x00000000eab00000, 0x00000000ec200000, 0x0000000100000000)
  eden space 21504K, 0% used [0x00000000eab00000,0x00000000eab00000,0x00000000ec000000)
  from space 1024K, 46% used [0x00000000ec100000,0x00000000ec178000,0x00000000ec200000)
  to   space 1024K, 0% used [0x00000000ec000000,0x00000000ec000000,0x00000000ec100000)
 ParOldGen       total 68608K, used 40001K [0x00000000c0000000, 0x00000000c4300000, 0x00000000eab00000)
  object space 68608K, 58% used [0x00000000c0000000,0x00000000c2710710,0x00000000c4300000)
 Metaspace       used 61622K, committed 62912K, reserved 1114112K
  class space    used 7598K, committed 8192K, reserved 1048576K
}

